<?xml version="1.0" encoding="UTF-8"?>
<!-- Generated by org.testng.reporters.JUnitReportReporter -->
<testsuite skipped="0" hostname="ADMIN-PC" name="reverseString.Reverse" tests="1" failures="0" timestamp="22 Aug 2019 07:54:17 GMT" time="0.018" errors="0">
  <testcase name="reversevalue" time="0.018" classname="reverseString.Reverse"/>
</testsuite> <!-- reverseString.Reverse -->
